cl : 命令列  warning D9035: 選項 'Gm' 已被取代，在未來的發行版本中將會移除
cl : 命令列  warning D9007: '/Gm' 需要 '/Zi 或 /ZI'，已忽略選項
  3dsloader.cpp
  texture.cpp
C:\計算機圖學\1122959 邱采嫻\期末專題\spacesimulator.net_tutorial4 VS2022\3dsloader.cpp(54,14): warning C4996: 'fopen': This function or variable may be unsafe. Consider using fopen_s instead. To disable deprecation, use _CRT_SECURE_NO_WARNINGS. See online help for details.
C:\計算機圖學\1122959 邱采嫻\期末專題\spacesimulator.net_tutorial4 VS2022\3dsloader.cpp(56,26): warning C4996: 'filelength': The POSIX name for this item is deprecated. Instead, use the ISO C and C++ conformant name: _filelength. See online help for details.
C:\計算機圖學\1122959 邱采嫻\期末專題\spacesimulator.net_tutorial4 VS2022\texture.cpp(57,19): warning C4996: 'fopen': This function or variable may be unsafe. Consider using fopen_s instead. To disable deprecation, use _CRT_SECURE_NO_WARNINGS. See online help for details.
  tutorial4.cpp
C:\計算機圖學\1122959 邱采嫻\期末專題\spacesimulator.net_tutorial4 VS2022\tutorial4.cpp(244,26): warning C4244: '正在初始化': 將 'double' 轉換為 'float'，由於類型不同，可能導致資料遺失
C:\計算機圖學\1122959 邱采嫻\期末專題\spacesimulator.net_tutorial4 VS2022\tutorial4.cpp(249,31): warning C4244: '正在初始化': 將 'double' 轉換為 'float'，由於類型不同，可能導致資料遺失
C:\計算機圖學\1122959 邱采嫻\期末專題\spacesimulator.net_tutorial4 VS2022\tutorial4.cpp(551,15): warning C4244: '引數': 將 'double' 轉換為 'GLfloat'，由於類型不同，可能導致資料遺失
C:\計算機圖學\1122959 邱采嫻\期末專題\spacesimulator.net_tutorial4 VS2022\tutorial4.cpp(552,65): warning C4244: '引數': 將 'double' 轉換為 'GLfloat'，由於類型不同，可能導致資料遺失
C:\計算機圖學\1122959 邱采嫻\期末專題\spacesimulator.net_tutorial4 VS2022\tutorial4.cpp(555,24): warning C4305: '引數': 從 'double' 轉換為 'GLfloat'，是由較大的類型轉換為較小的類型，可能導致資料遺失
C:\計算機圖學\1122959 邱采嫻\期末專題\spacesimulator.net_tutorial4 VS2022\tutorial4.cpp(555,19): warning C4305: '引數': 從 'double' 轉換為 'GLfloat'，是由較大的類型轉換為較小的類型，可能導致資料遺失
C:\計算機圖學\1122959 邱采嫻\期末專題\spacesimulator.net_tutorial4 VS2022\tutorial4.cpp(555,14): warning C4305: '引數': 從 'double' 轉換為 'GLfloat'，是由較大的類型轉換為較小的類型，可能導致資料遺失
C:\計算機圖學\1122959 邱采嫻\期末專題\spacesimulator.net_tutorial4 VS2022\tutorial4.cpp(710,5): warning C4996: 'strncpy': This function or variable may be unsafe. Consider using strncpy_s instead. To disable deprecation, use _CRT_SECURE_NO_WARNINGS. See online help for details.
C:\計算機圖學\1122959 邱采嫻\期末專題\spacesimulator.net_tutorial4 VS2022\tutorial4.cpp(785,5): warning C4996: 'sprintf': This function or variable may be unsafe. Consider using sprintf_s instead. To disable deprecation, use _CRT_SECURE_NO_WARNINGS. See online help for details.
C:\計算機圖學\1122959 邱采嫻\期末專題\spacesimulator.net_tutorial4 VS2022\tutorial4.cpp(790,5): warning C4996: 'sprintf': This function or variable may be unsafe. Consider using sprintf_s instead. To disable deprecation, use _CRT_SECURE_NO_WARNINGS. See online help for details.
C:\計算機圖學\1122959 邱采嫻\期末專題\spacesimulator.net_tutorial4 VS2022\tutorial4.cpp(796,5): warning C4996: 'sprintf': This function or variable may be unsafe. Consider using sprintf_s instead. To disable deprecation, use _CRT_SECURE_NO_WARNINGS. See online help for details.
C:\計算機圖學\1122959 邱采嫻\期末專題\spacesimulator.net_tutorial4 VS2022\tutorial4.cpp(861,9): warning C4996: 'sprintf': This function or variable may be unsafe. Consider using sprintf_s instead. To disable deprecation, use _CRT_SECURE_NO_WARNINGS. See online help for details.
  正在產生程式碼...
  tutorial4.vcxproj -> C:\計算機圖學\1122959 邱采嫻\期末專題\spacesimulator.net_tutorial4 VS2022\Debug\tutorial4.exe
